TN:
SF:C:\Users\hassan.muhammad\Desktop\My sample proj\ngNinjaV9.03\ngNinja\ngNinja.Web\scripts\app\modules\candidate\js\onBoardingApp.candidate.services.js
FN:4,(anonymous_1)
FN:18,candidateService
FN:31,getAllCandidates
FNF:3
FNH:1
FNDA:1,(anonymous_1)
FNDA:0,candidateService
FNDA:0,getAllCandidates
DA:4,1
DA:9,1
DA:16,1
DA:18,1
DA:22,0
DA:27,0
DA:31,1
DA:32,0
LF:8
LH:5
BRF:0
BRH:0
end_of_record
TN:
SF:C:\Users\hassan.muhammad\Desktop\My sample proj\ngNinjaV9.03\ngNinja\ngNinja.Web\scripts\app\modules\candidate\js\onBoardingApp.candidate.controller.js
FN:4,(anonymous_1)
FN:16,candidateController
FN:23,init
FN:53,getCandidates
FN:56,(anonymous_5)
FN:58,(anonymous_6)
FN:67,findCandidate
FN:74,add
FN:79,edit
FN:85,cancelEdit
FN:89,save
FN:96,testFunctionForUnitTesting
FNF:12
FNH:10
FNDA:1,(anonymous_1)
FNDA:8,candidateController
FNDA:8,init
FNDA:8,getCandidates
FNDA:0,(anonymous_5)
FNDA:0,(anonymous_6)
FNDA:2,findCandidate
FNDA:1,add
FNDA:2,edit
FNDA:1,cancelEdit
FNDA:1,save
FNDA:1,testFunctionForUnitTesting
DA:4,1
DA:7,1
DA:14,1
DA:16,1
DA:18,8
DA:21,8
DA:23,1
DA:27,8
DA:32,8
DA:33,8
DA:34,8
DA:39,8
DA:40,8
DA:41,8
DA:42,8
DA:43,8
DA:44,8
DA:45,8
DA:46,8
DA:53,1
DA:55,8
DA:58,0
DA:59,0
DA:62,0
DA:63,0
DA:67,1
DA:68,2
DA:69,2
DA:70,1
DA:74,1
DA:75,1
DA:76,1
DA:79,1
DA:80,2
DA:81,2
DA:82,2
DA:85,1
DA:86,1
DA:89,1
DA:90,1
DA:91,1
DA:92,1
DA:93,1
DA:96,1
DA:97,1
LF:45
LH:41
BRDA:69,1,0,1
BRDA:69,1,1,1
BRF:2
BRH:2
end_of_record
